<?xml version="1.0" encoding="UTF-8"?>
<!-- Generated by org.testng.reporters.JUnitXMLReporter -->
<testsuite hostname="DESKTOP-GM20KQQ" ignored="0" name="Test" tests="3" failures="0" timestamp="2022-03-19T09:27:23 IST" time="44.615" errors="0">
  <testcase name="landingTest" time="5.265" classname="testScripts.RunnerTest"/>
  <testcase name="loginClass" time="6.228" classname="testScripts.RunnerTest"/>
  <testcase name="personalInformationTest" time="5.337" classname="testScripts.RunnerTest"/>
</testsuite> <!-- Test -->
