<?xml version="1.0" encoding="UTF-8"?>
<testng-results skipped="0" failed="0" ignored="0" total="3" passed="3">
  <reporter-output>
  </reporter-output>
  <suite name="Suite" duration-ms="44615" started-at="2022-03-19T09:26:38 IST" finished-at="2022-03-19T09:27:23 IST">
    <groups>
    </groups>
    <test name="Test" duration-ms="44615" started-at="2022-03-19T09:26:38 IST" finished-at="2022-03-19T09:27:23 IST">
      <class name="testScripts.RunnerTest">
        <test-method status="PASS" signature="beforeTest()[pri:0, instance:testScripts.RunnerTest@11aa95a]" name="beforeTest" is-config="true" duration-ms="26620" started-at="2022-03-19T09:26:38 IST" finished-at="2022-03-19T09:27:05 IST">
          <reporter-output>
          </reporter-output>
        </test-method> <!-- beforeTest -->
        <test-method status="PASS" signature="landingTest()[pri:0, instance:testScripts.RunnerTest@11aa95a]" name="landingTest" duration-ms="5265" started-at="2022-03-19T09:27:05 IST" finished-at="2022-03-19T09:27:10 IST">
          <reporter-output>
          </reporter-output>
        </test-method> <!-- landingTest -->
        <test-method status="PASS" signature="loginClass()[pri:0, instance:testScripts.RunnerTest@11aa95a]" name="loginClass" duration-ms="6228" started-at="2022-03-19T09:27:10 IST" depends-on-methods="testScripts.RunnerTest.landingTest" finished-at="2022-03-19T09:27:17 IST">
          <reporter-output>
          </reporter-output>
        </test-method> <!-- loginClass -->
        <test-method status="PASS" signature="personalInformationTest()[pri:0, instance:testScripts.RunnerTest@11aa95a]" name="personalInformationTest" duration-ms="5337" started-at="2022-03-19T09:27:17 IST" depends-on-methods="testScripts.RunnerTest.loginClass" finished-at="2022-03-19T09:27:22 IST">
          <reporter-output>
          </reporter-output>
        </test-method> <!-- personalInformationTest -->
        <test-method status="PASS" signature="afterTest()[pri:0, instance:testScripts.RunnerTest@11aa95a]" name="afterTest" is-config="true" duration-ms="984" started-at="2022-03-19T09:27:22 IST" finished-at="2022-03-19T09:27:23 IST">
          <reporter-output>
          </reporter-output>
        </test-method> <!-- afterTest -->
      </class> <!-- testScripts.RunnerTest -->
    </test> <!-- Test -->
  </suite> <!-- Suite -->
</testng-results>
